  main.cpp
D:\Data_struct\C++版本\数据结构\Date1_08\DoubleLinkedLists.h(71,1): warning C4267: “参数”: 从“size_t”转换到“int”，可能丢失数据
D:\Data_struct\C++版本\数据结构\Date1_08\DoubleLinkedLists.h(70): message : 在编译 类 模板 成员函数“E DoubleLinkedLists<E>::remove(void)”时
          with
          [
              E=int
          ]
D:\Data_struct\C++版本\数据结构\Date1_08\main.cpp(6): message : 查看对正在编译的 类 模板 实例化“DoubleLinkedLists<int>”的引用
D:\Data_struct\C++版本\数据结构\Date1_08\DoubleLinkedLists.h(47,1): warning C4267: “参数”: 从“size_t”转换到“int”，可能丢失数据
D:\Data_struct\C++版本\数据结构\Date1_08\DoubleLinkedLists.h(46): message : 在编译 类 模板 成员函数“void DoubleLinkedLists<int>::add(E)”时
          with
          [
              E=int
          ]
D:\Data_struct\C++版本\数据结构\Date1_08\main.cpp(7): message : 查看对正在编译的函数 模板 实例化“void DoubleLinkedLists<int>::add(E)”的引用
          with
          [
              E=int
          ]
D:\Data_struct\C++版本\数据结构\Date1_08\DoubleLinkedLists.h(28,1): warning C4267: “return”: 从“size_t”转换到“int”，可能丢失数据
D:\Data_struct\C++版本\数据结构\Date1_08\DoubleLinkedLists.h(27): message : 在编译 类 模板 成员函数“int DoubleLinkedLists<int>::size(void) const”时
D:\Data_struct\C++版本\数据结构\Date1_08\main.cpp(14): message : 查看对正在编译的函数 模板 实例化“int DoubleLinkedLists<int>::size(void) const”的引用
D:\Data_struct\C++版本\数据结构\Date1_08\DoubleLinkedLists.h(154,1): warning C4267: “=”: 从“size_t”转换到“int”，可能丢失数据
D:\Data_struct\C++版本\数据结构\Date1_08\DoubleLinkedLists.h(140): message : 在编译 类 模板 成员函数“Base_Node<E> *DoubleLinkedLists<E>::node(int) const”时
          with
          [
              E=int
          ]
D:\Data_struct\C++版本\数据结构\Date1_08\DoubleLinkedLists.h(102): message : 查看对正在编译的函数 模板 实例化“Base_Node<E> *DoubleLinkedLists<E>::node(int) const”的引用
          with
          [
              E=int
          ]
  数据结构.vcxproj -> D:\Data_struct\C++版本\数据结构\x64\Debug\数据结构.exe
